[ 2025-11-08 23:31:03,880 ] 25 root - INFO - Data Ingestion is initialized
[ 2025-11-08 23:31:03,909 ] 38 root - INFO - Train test split has started
[ 2025-11-08 23:31:03,923 ] 43 root - INFO - Train data exported successfully
[ 2025-11-08 23:31:03,929 ] 48 root - INFO - Test data exported successfully
[ 2025-11-08 23:31:03,929 ] 49 root - INFO - Data is successfully exported
[ 2025-11-08 23:31:03,929 ] 30 root - INFO - Data Transformation has started
[ 2025-11-08 23:31:03,934 ] 34 root - INFO - train and test data is loaded
[ 2025-11-08 23:31:03,934 ] 40 root - INFO - numerical and categorical cols has been defined
[ 2025-11-08 23:31:03,934 ] 58 root - INFO - numerical and categorical pipeline has been defined
[ 2025-11-08 23:31:03,934 ] 66 root - INFO - Data Transformation is complete
[ 2025-11-08 23:31:03,934 ] 13 root - INFO - Saving object has started. File path is artifacts/transformed_train_data.pxl
[ 2025-11-08 23:31:03,934 ] 16 root - INFO - Making folder where the file will be saved
[ 2025-11-08 23:31:03,955 ] 22 root - INFO - Saving object is successfully complete
[ 2025-11-08 23:31:03,955 ] 73 root - INFO - file_path - artifacts/transformed_train_data.pxl
[ 2025-11-08 23:31:04,017 ] 74 root - INFO - ColumnTransformer(transformers=[('num_transformation',
                                 Pipeline(steps=[('Imputation',
                                                  SimpleImputer(strategy='median')),
                                                 ('Standardization',
                                                  StandardScaler(with_mean=False))]),
                                       CustomerID   Age  CityTier  DurationOfPitch  ...  PitchSatisfactionScore  OwnCar  MonthlyIncome  ProdTaken
0         200736  48.0         1             10.0  ...                       5       1        25999.0          0
1         201615  30.0         1             11.0  ...                       5       0        18204.0          0
2         200336  29.0         1             14.0  ...                       3       1        17119.0          1
3         2...
4        Self Enquiry  Small Business  Female          Basic      Divorced       Executive
...               ...             ...     ...            ...           ...             ...
3416     Self Enquiry  Small Business    Male          Basic        Single       Executive
3417     Self Enquiry        Salaried  Female   Super Deluxe      Divorced             AVP
3418  Company Invited  Small Business  Female          Basic      Divorced       Executive
3419     Self Enquiry  Small Business  Female         Deluxe       Married         Manager
3420  Company Invited        Salaried    Male          Basic      Divorced       Executive

[3421 rows x 6 columns])])
[ 2025-11-08 23:31:04,017 ] 76 root - INFO - Saving done!!! Data Transformation done!!!
