[ 2025-11-09 11:50:14,931 ] 25 root - INFO - Data Ingestion is initialized
[ 2025-11-09 11:50:14,960 ] 38 root - INFO - Train test split has started
[ 2025-11-09 11:50:14,973 ] 43 root - INFO - Train data exported successfully
[ 2025-11-09 11:50:14,978 ] 48 root - INFO - Test data exported successfully
[ 2025-11-09 11:50:14,978 ] 49 root - INFO - Data is successfully exported
[ 2025-11-09 11:50:14,979 ] 61 root - INFO - Data Transformation has started
[ 2025-11-09 11:50:14,990 ] 67 root - INFO -    CustomerID   Age TypeofContact  CityTier  DurationOfPitch  ... PitchSatisfactionScore OwnCar     Designation  MonthlyIncome ProdTaken
0      200736  48.0  Self Enquiry         1             10.0  ...                      5      1  Senior Manager        25999.0         0
1      201615  30.0  Self Enquiry         1             11.0  ...                      5      0       Executive        18204.0         0
2      200336  29.0  Self Enquiry         1             14.0  ...                      3      1       Executive        17119.0         1
3      204526  29.0  Self Enquiry         3              9.0  ...                      3      1         Manager        23457.0         0
4      202665  34.0  Self Enquiry         1             11.0  ...                      4      0       Executive        21300.0         0

[5 rows x 19 columns]
[ 2025-11-09 11:50:14,990 ] 43 root - INFO - numerical and categorical pipeline has been defined
[ 2025-11-09 11:50:14,990 ] 51 root - INFO - Pre-processing object is created successfully
[ 2025-11-09 11:50:15,004 ] 85 root - INFO - X_train and X_test data is transformed now
[ 2025-11-09 11:50:15,004 ] 13 root - INFO - Saving object has started. File path is artifacts/transformed_train_data.pkl
[ 2025-11-09 11:50:15,004 ] 16 root - INFO - Making folder where the file will be saved
[ 2025-11-09 11:50:15,007 ] 22 root - INFO - Saving object is successfully complete
[ 2025-11-09 11:50:15,007 ] 96 root - INFO - Saving of file_path - artifacts/transformed_train_data.pkl and processor object done!!
[ 2025-11-09 11:50:15,007 ] 108 root - INFO - Exception has occured while data transformation
